// 重构日志: bef0ccc6
// 重构日志: 44f92284
// 同步 ID: 88e806a9 @ Sat Jun 27 15:57:37 UTC 2026
// 同步 ID: 109a467c @ Sat Jun 27 23:24:05 UTC 2026
// 重构日志: 8e92daf3
// 重构日志: 88c378b5
// 同步 ID: 2e77444f @ Sun Jun 28 12:46:26 UTC 2026
// 同步 ID: 53bdb152 @ Sun Jun 28 15:57:17 UTC 2026
// 同步 ID: 271e15ca @ Mon Jun 29 15:20:37 UTC 2026
// 同步 ID: 4e9657d2 @ Mon Jun 29 18:21:10 UTC 2026
// 重构日志: d2619e41
// 同步 ID: fc8824a4 @ Thu Jul  2 17:40:36 UTC 2026
// 同步 ID: fffba015 @ Fri Jul  3 01:36:40 UTC 2026
// 重构日志: 18597331
// 重构日志: 490417c7
// 同步 ID: 63bb9e9e @ Sat Jul  4 19:27:34 UTC 2026
// 重构日志: cb26f49f
// 同步 ID: 8b478da0 @ Mon Jul  6 20:49:20 UTC 2026
// 重构日志: 2fdbcfa1
// 同步 ID: 068783c0 @ Wed Jul  8 01:24:15 UTC 2026
// 重构日志: 26b7c05b
// 同步 ID: dfbb832b @ Wed Jul  8 13:12:35 UTC 2026
// 重构日志: 79bef60f
// 重构日志: 7c351140
// 同步 ID: fc9b75ff @ Sat Jul 11 01:48:38 UTC 2026
// 重构日志: 1585a1f2
// 重构日志: d1d6469b
// 重构日志: 2d0935b8
// 同步 ID: c38d0d7f @ Sat Jul 11 15:42:16 UTC 2026
// 同步 ID: cde0bf93 @ Sun Jul 12 00:20:15 UTC 2026
